{"contracts/AccessControl.sol":{"l":{"7":16,"11":58,"12":50,"16":3,"17":1},"path":"/home/ubuntu/Desktop/blockchain/Ethereum/tomoGame/contracts/AccessControl.sol","s":{"1":16,"2":58,"3":3,"4":1},"b":{"1":[50,8],"2":[1,2]},"f":{"1":16,"2":58,"3":3},"fnMap":{"1":{"name":"constructor","line":6,"loc":{"start":{"line":6,"column":4},"end":{"line":6,"column":22}}},"2":{"name":"onlyCeo","line":10,"loc":{"start":{"line":10,"column":4},"end":{"line":10,"column":20}}},"3":{"name":"setCeo","line":15,"loc":{"start":{"line":15,"column":4},"end":{"line":15,"column":59}}}},"statementMap":{"1":{"start":{"line":7,"column":8},"end":{"line":7,"column":30}},"2":{"start":{"line":11,"column":8},"end":{"line":11,"column":62}},"3":{"start":{"line":16,"column":8},"end":{"line":16,"column":76}},"4":{"start":{"line":17,"column":8},"end":{"line":17,"column":27}}},"branchMap":{"1":{"line":11,"type":"if","locations":[{"start":{"line":11,"column":8},"end":{"line":11,"column":8}},{"start":{"line":11,"column":8},"end":{"line":11,"column":8}}]},"2":{"line":16,"type":"if","locations":[{"start":{"line":16,"column":8},"end":{"line":16,"column":8}},{"start":{"line":16,"column":8},"end":{"line":16,"column":8}}]}}},"contracts/Factory.sol":{"l":{"14":2,"15":2,"16":2,"20":1},"path":"/home/ubuntu/Desktop/blockchain/Ethereum/tomoGame/contracts/Factory.sol","s":{"1":2,"2":2,"3":2,"4":1},"b":{},"f":{"1":2,"2":1,"3":0},"fnMap":{"1":{"name":"createGame","line":9,"loc":{"start":{"line":9,"column":4},"end":{"line":13,"column":5}}},"2":{"name":"getAllGames","line":19,"loc":{"start":{"line":19,"column":4},"end":{"line":19,"column":63}}},"3":{"name":"","line":23,"loc":{"start":{"line":23,"column":4},"end":{"line":23,"column":22}}}},"statementMap":{"1":{"start":{"line":14,"column":8},"end":{"line":14,"column":52}},"2":{"start":{"line":15,"column":8},"end":{"line":15,"column":23}},"3":{"start":{"line":16,"column":8},"end":{"line":16,"column":19}},"4":{"start":{"line":20,"column":8},"end":{"line":20,"column":20}}},"branchMap":{}},"contracts/Game.sol":{"l":{"25":11,"29":4,"30":2,"34":40,"35":36,"42":6,"43":4,"47":5,"49":5,"50":3,"51":1,"60":62,"61":62,"62":48,"63":20,"64":20,"67":62,"74":22,"75":18,"76":18,"77":18,"78":18,"79":18,"87":36,"88":36,"89":34,"90":32,"91":30,"92":30,"93":30,"94":30,"95":12,"103":19,"104":17,"105":15,"107":15,"108":27,"109":22,"110":22,"114":15,"115":12,"116":12,"117":22,"119":12,"120":12,"123":3,"130":15,"131":5,"132":2,"133":2,"144":2,"145":2,"147":2,"148":1,"149":1,"150":2,"154":1,"157":2,"161":30,"162":30,"165":0,"166":0,"169":0,"170":0,"173":0,"174":0,"178":1,"182":1},"path":"/home/ubuntu/Desktop/blockchain/Ethereum/tomoGame/contracts/Game.sol","s":{"1":11,"2":4,"3":40,"4":6,"5":4,"6":5,"7":5,"8":3,"9":1,"10":62,"11":62,"12":48,"13":20,"14":62,"15":22,"16":18,"17":18,"18":18,"19":18,"20":18,"21":36,"22":36,"23":34,"24":32,"25":30,"26":30,"27":30,"28":30,"29":12,"30":19,"31":17,"32":15,"33":15,"34":27,"35":22,"36":15,"37":12,"38":12,"39":22,"40":12,"41":3,"42":15,"43":5,"44":2,"45":2,"46":2,"47":2,"48":2,"49":1,"50":1,"51":2,"52":1,"53":2,"54":30,"55":30,"56":0,"57":0,"58":0,"59":0,"60":0,"61":0,"62":1,"63":1},"b":{"1":[2,2],"2":[36,4],"3":[4,2],"4":[3,2],"5":[1,2],"6":[20,28],"7":[18,4],"8":[18,0],"9":[36,0],"10":[34,2],"11":[32,2],"12":[30,2],"13":[12,18],"14":[17,2],"15":[15,2],"16":[15,0],"17":[22,5],"18":[12,3],"19":[5,10],"20":[2,0],"21":[2,0],"22":[2,0],"23":[1,1],"24":[30,0],"25":[0,0],"26":[0,0],"27":[0,0]},"f":{"1":11,"2":4,"3":40,"4":6,"5":5,"6":62,"7":22,"8":36,"9":19,"10":2,"11":30,"12":0,"13":0,"14":0,"15":1,"16":1},"fnMap":{"1":{"name":"constructor","line":24,"loc":{"start":{"line":24,"column":4},"end":{"line":24,"column":49}}},"2":{"name":"hasBounty","line":28,"loc":{"start":{"line":28,"column":4},"end":{"line":28,"column":22}}},"3":{"name":"beforeDeadline","line":33,"loc":{"start":{"line":33,"column":4},"end":{"line":33,"column":27}}},"4":{"name":"setBounty","line":38,"loc":{"start":{"line":38,"column":4},"end":{"line":41,"column":5}}},"5":{"name":"transferAlias","line":46,"loc":{"start":{"line":46,"column":4},"end":{"line":46,"column":70}}},"6":{"name":"containArray","line":55,"loc":{"start":{"line":55,"column":4},"end":{"line":59,"column":5}}},"7":{"name":"setQuestion","line":70,"loc":{"start":{"line":70,"column":4},"end":{"line":73,"column":5}}},"8":{"name":"answer","line":82,"loc":{"start":{"line":82,"column":4},"end":{"line":86,"column":5}}},"9":{"name":"shareQuestionBounty","line":99,"loc":{"start":{"line":99,"column":4},"end":{"line":102,"column":5}}},"10":{"name":"shareBounty","line":139,"loc":{"start":{"line":139,"column":4},"end":{"line":143,"column":5}}},"11":{"name":"safeAdd","line":160,"loc":{"start":{"line":160,"column":4},"end":{"line":160,"column":74}}},"12":{"name":"safeSub","line":164,"loc":{"start":{"line":164,"column":4},"end":{"line":164,"column":74}}},"13":{"name":"safeMul","line":168,"loc":{"start":{"line":168,"column":4},"end":{"line":168,"column":74}}},"14":{"name":"safeDiv","line":172,"loc":{"start":{"line":172,"column":4},"end":{"line":172,"column":74}}},"15":{"name":"getAllPlayers","line":177,"loc":{"start":{"line":177,"column":4},"end":{"line":177,"column":73}}},"16":{"name":"getCorrectAddressByQuestion","line":181,"loc":{"start":{"line":181,"column":4},"end":{"line":181,"column":105}}}},"statementMap":{"1":{"start":{"line":25,"column":8},"end":{"line":25,"column":31}},"2":{"start":{"line":29,"column":8},"end":{"line":29,"column":48}},"3":{"start":{"line":34,"column":8},"end":{"line":34,"column":81}},"4":{"start":{"line":42,"column":8},"end":{"line":42,"column":51}},"5":{"start":{"line":43,"column":8},"end":{"line":43,"column":26}},"6":{"start":{"line":47,"column":8},"end":{"line":47,"column":30}},"7":{"start":{"line":49,"column":8},"end":{"line":49,"column":46}},"8":{"start":{"line":50,"column":8},"end":{"line":50,"column":69}},"9":{"start":{"line":51,"column":8},"end":{"line":51,"column":34}},"10":{"start":{"line":60,"column":8},"end":{"line":60,"column":26}},"11":{"start":{"line":61,"column":8},"end":{"line":61,"column":1850}},"12":{"start":{"line":62,"column":12},"end":{"line":62,"column":1908}},"13":{"start":{"line":63,"column":16},"end":{"line":63,"column":27}},"14":{"start":{"line":67,"column":8},"end":{"line":67,"column":20}},"15":{"start":{"line":74,"column":8},"end":{"line":74,"column":57}},"16":{"start":{"line":75,"column":8},"end":{"line":75,"column":60}},"17":{"start":{"line":76,"column":8},"end":{"line":76,"column":54}},"18":{"start":{"line":77,"column":8},"end":{"line":77,"column":36}},"19":{"start":{"line":78,"column":8},"end":{"line":78,"column":41}},"20":{"start":{"line":79,"column":8},"end":{"line":79,"column":42}},"21":{"start":{"line":87,"column":8},"end":{"line":87,"column":91}},"22":{"start":{"line":88,"column":8},"end":{"line":88,"column":68}},"23":{"start":{"line":89,"column":8},"end":{"line":89,"column":64}},"24":{"start":{"line":90,"column":8},"end":{"line":90,"column":104}},"25":{"start":{"line":91,"column":8},"end":{"line":91,"column":58}},"26":{"start":{"line":92,"column":8},"end":{"line":92,"column":73}},"27":{"start":{"line":93,"column":8},"end":{"line":93,"column":60}},"28":{"start":{"line":94,"column":8},"end":{"line":94,"column":3192}},"29":{"start":{"line":95,"column":12},"end":{"line":95,"column":35}},"30":{"start":{"line":103,"column":8},"end":{"line":103,"column":55}},"31":{"start":{"line":104,"column":8},"end":{"line":104,"column":81}},"32":{"start":{"line":105,"column":8},"end":{"line":105,"column":70}},"33":{"start":{"line":107,"column":8},"end":{"line":107,"column":3586}},"34":{"start":{"line":108,"column":12},"end":{"line":108,"column":3669}},"35":{"start":{"line":109,"column":16},"end":{"line":109,"column":87}},"36":{"start":{"line":114,"column":8},"end":{"line":114,"column":3961}},"37":{"start":{"line":115,"column":12},"end":{"line":115,"column":88}},"38":{"start":{"line":116,"column":12},"end":{"line":116,"column":4116}},"39":{"start":{"line":117,"column":16},"end":{"line":117,"column":73}},"40":{"start":{"line":120,"column":12},"end":{"line":120,"column":29}},"41":{"start":{"line":123,"column":12},"end":{"line":123,"column":31}},"42":{"start":{"line":130,"column":8},"end":{"line":130,"column":4615}},"43":{"start":{"line":131,"column":12},"end":{"line":131,"column":4658}},"44":{"start":{"line":132,"column":16},"end":{"line":132,"column":4732}},"45":{"start":{"line":133,"column":20},"end":{"line":133,"column":53}},"46":{"start":{"line":144,"column":8},"end":{"line":144,"column":81}},"47":{"start":{"line":145,"column":8},"end":{"line":145,"column":79}},"48":{"start":{"line":147,"column":8},"end":{"line":147,"column":5131}},"49":{"start":{"line":148,"column":12},"end":{"line":148,"column":71}},"50":{"start":{"line":149,"column":12},"end":{"line":149,"column":5245}},"51":{"start":{"line":150,"column":16},"end":{"line":150,"column":49}},"52":{"start":{"line":154,"column":12},"end":{"line":154,"column":53}},"53":{"start":{"line":157,"column":8},"end":{"line":157,"column":17}},"54":{"start":{"line":161,"column":8},"end":{"line":161,"column":16}},"55":{"start":{"line":162,"column":8},"end":{"line":162,"column":70}},"56":{"start":{"line":165,"column":8},"end":{"line":165,"column":65}},"57":{"start":{"line":166,"column":8},"end":{"line":166,"column":16}},"58":{"start":{"line":169,"column":8},"end":{"line":169,"column":16}},"59":{"start":{"line":170,"column":8},"end":{"line":170,"column":59}},"60":{"start":{"line":173,"column":8},"end":{"line":173,"column":62}},"61":{"start":{"line":174,"column":8},"end":{"line":174,"column":16}},"62":{"start":{"line":178,"column":8},"end":{"line":178,"column":22}},"63":{"start":{"line":182,"column":8},"end":{"line":182,"column":44}}},"branchMap":{"1":{"line":29,"type":"if","locations":[{"start":{"line":29,"column":8},"end":{"line":29,"column":8}},{"start":{"line":29,"column":8},"end":{"line":29,"column":8}}]},"2":{"line":34,"type":"if","locations":[{"start":{"line":34,"column":8},"end":{"line":34,"column":8}},{"start":{"line":34,"column":8},"end":{"line":34,"column":8}}]},"3":{"line":42,"type":"if","locations":[{"start":{"line":42,"column":8},"end":{"line":42,"column":8}},{"start":{"line":42,"column":8},"end":{"line":42,"column":8}}]},"4":{"line":49,"type":"if","locations":[{"start":{"line":49,"column":8},"end":{"line":49,"column":8}},{"start":{"line":49,"column":8},"end":{"line":49,"column":8}}]},"5":{"line":50,"type":"if","locations":[{"start":{"line":50,"column":8},"end":{"line":50,"column":8}},{"start":{"line":50,"column":8},"end":{"line":50,"column":8}}]},"6":{"line":62,"type":"if","locations":[{"start":{"line":62,"column":12},"end":{"line":62,"column":12}},{"start":{"line":62,"column":12},"end":{"line":62,"column":12}}]},"7":{"line":74,"type":"if","locations":[{"start":{"line":74,"column":8},"end":{"line":74,"column":8}},{"start":{"line":74,"column":8},"end":{"line":74,"column":8}}]},"8":{"line":75,"type":"if","locations":[{"start":{"line":75,"column":8},"end":{"line":75,"column":8}},{"start":{"line":75,"column":8},"end":{"line":75,"column":8}}]},"9":{"line":87,"type":"if","locations":[{"start":{"line":87,"column":8},"end":{"line":87,"column":8}},{"start":{"line":87,"column":8},"end":{"line":87,"column":8}}]},"10":{"line":88,"type":"if","locations":[{"start":{"line":88,"column":8},"end":{"line":88,"column":8}},{"start":{"line":88,"column":8},"end":{"line":88,"column":8}}]},"11":{"line":89,"type":"if","locations":[{"start":{"line":89,"column":8},"end":{"line":89,"column":8}},{"start":{"line":89,"column":8},"end":{"line":89,"column":8}}]},"12":{"line":90,"type":"if","locations":[{"start":{"line":90,"column":8},"end":{"line":90,"column":8}},{"start":{"line":90,"column":8},"end":{"line":90,"column":8}}]},"13":{"line":94,"type":"if","locations":[{"start":{"line":94,"column":8},"end":{"line":94,"column":8}},{"start":{"line":94,"column":8},"end":{"line":94,"column":8}}]},"14":{"line":103,"type":"if","locations":[{"start":{"line":103,"column":8},"end":{"line":103,"column":8}},{"start":{"line":103,"column":8},"end":{"line":103,"column":8}}]},"15":{"line":104,"type":"if","locations":[{"start":{"line":104,"column":8},"end":{"line":104,"column":8}},{"start":{"line":104,"column":8},"end":{"line":104,"column":8}}]},"16":{"line":105,"type":"if","locations":[{"start":{"line":105,"column":8},"end":{"line":105,"column":8}},{"start":{"line":105,"column":8},"end":{"line":105,"column":8}}]},"17":{"line":108,"type":"if","locations":[{"start":{"line":108,"column":12},"end":{"line":108,"column":12}},{"start":{"line":108,"column":12},"end":{"line":108,"column":12}}]},"18":{"line":114,"type":"if","locations":[{"start":{"line":114,"column":8},"end":{"line":114,"column":8}},{"start":{"line":114,"column":8},"end":{"line":114,"column":8}}]},"19":{"line":130,"type":"if","locations":[{"start":{"line":130,"column":8},"end":{"line":130,"column":8}},{"start":{"line":130,"column":8},"end":{"line":130,"column":8}}]},"20":{"line":132,"type":"if","locations":[{"start":{"line":132,"column":16},"end":{"line":132,"column":16}},{"start":{"line":132,"column":16},"end":{"line":132,"column":16}}]},"21":{"line":144,"type":"if","locations":[{"start":{"line":144,"column":8},"end":{"line":144,"column":8}},{"start":{"line":144,"column":8},"end":{"line":144,"column":8}}]},"22":{"line":145,"type":"if","locations":[{"start":{"line":145,"column":8},"end":{"line":145,"column":8}},{"start":{"line":145,"column":8},"end":{"line":145,"column":8}}]},"23":{"line":147,"type":"if","locations":[{"start":{"line":147,"column":8},"end":{"line":147,"column":8}},{"start":{"line":147,"column":8},"end":{"line":147,"column":8}}]},"24":{"line":162,"type":"if","locations":[{"start":{"line":162,"column":8},"end":{"line":162,"column":8}},{"start":{"line":162,"column":8},"end":{"line":162,"column":8}}]},"25":{"line":165,"type":"if","locations":[{"start":{"line":165,"column":8},"end":{"line":165,"column":8}},{"start":{"line":165,"column":8},"end":{"line":165,"column":8}}]},"26":{"line":170,"type":"if","locations":[{"start":{"line":170,"column":8},"end":{"line":170,"column":8}},{"start":{"line":170,"column":8},"end":{"line":170,"column":8}}]},"27":{"line":173,"type":"if","locations":[{"start":{"line":173,"column":8},"end":{"line":173,"column":8}},{"start":{"line":173,"column":8},"end":{"line":173,"column":8}}]}}}}